2025-02-20 22:43:18,672 INFO o.h.v.i.u.Version [background-preinit] HV000001: Hibernate Validator 6.2.5.Final
2025-02-20 22:43:18,692 INFO o.s.b.StartupInfoLogger [main] Starting CustomerApplication using Java 17.0.4 on LAPTOP-QDBUNCC5 with PID 49392 (C:\allica-bank\customer\target\classes started by Mayank Sharma in C:\allica-bank\customer)
2025-02-20 22:43:18,693 INFO o.s.b.SpringApplication [main] No active profile set, falling back to 1 default profile: "default"
2025-02-20 22:43:19,817 INFO o.s.d.r.c.RepositoryConfigurationDelegate [main] Bootstrapping Spring Data JPA repositories in DEFAULT mode.
2025-02-20 22:43:19,877 INFO o.s.d.r.c.RepositoryConfigurationDelegate [main] Finished Spring Data repository scanning in 50 ms. Found 1 JPA repository interfaces.
2025-02-20 22:43:20,890 INFO o.s.b.w.e.t.TomcatWebServer [main] Tomcat initialized with port(s): 8080 (http)
2025-02-20 22:43:20,898 INFO o.a.j.l.DirectJDKLog [main] Initializing ProtocolHandler ["http-nio-8080"]
2025-02-20 22:43:20,906 INFO o.a.j.l.DirectJDKLog [main] Starting service [Tomcat]
2025-02-20 22:43:20,907 INFO o.a.j.l.DirectJDKLog [main] Starting Servlet engine: [Apache Tomcat/9.0.83]
2025-02-20 22:43:21,079 INFO o.a.j.l.DirectJDKLog [main] Initializing Spring embedded WebApplicationContext
2025-02-20 22:43:21,079 INFO o.s.b.w.s.c.ServletWebServerApplicationContext [main] Root WebApplicationContext: initialization completed in 2315 ms
2025-02-20 22:43:21,116 INFO c.z.h.HikariDataSource [main] HikariPool-1 - Starting...
2025-02-20 22:43:21,345 INFO c.z.h.HikariDataSource [main] HikariPool-1 - Start completed.
2025-02-20 22:43:21,356 INFO o.s.b.a.h.H2ConsoleAutoConfiguration [main] H2 console available at '/h2-console'. Database available at 'jdbc:h2:mem:customerdb'
2025-02-20 22:43:21,501 INFO o.h.j.i.u.LogHelper [main] HHH000204: Processing PersistenceUnitInfo [name: default]
2025-02-20 22:43:21,582 INFO o.h.Version [main] HHH000412: Hibernate ORM core version 5.6.15.Final
2025-02-20 22:43:21,883 INFO o.h.a.c.r.j.JavaReflectionManager [main] HCANN000001: Hibernate Commons Annotations {5.1.2.Final}
2025-02-20 22:43:22,021 INFO o.h.d.Dialect [main] HHH000400: Using dialect: org.hibernate.dialect.H2Dialect
2025-02-20 22:43:22,546 INFO o.h.e.t.j.p.i.JtaPlatformInitiator [main] HHH000490: Using JtaPlatform implementation: [org.hibernate.engine.transaction.jta.platform.internal.NoJtaPlatform]
2025-02-20 22:43:22,555 INFO o.s.o.j.AbstractEntityManagerFactoryBean [main] Initialized JPA EntityManagerFactory for persistence unit 'default'
2025-02-20 22:43:23,238 WARN o.s.b.a.o.j.JpaBaseConfiguration$JpaWebConfiguration [main] spring.jpa.open-in-view is enabled by default. Therefore, database queries may be performed during view rendering. Explicitly configure spring.jpa.open-in-view to disable this warning
2025-02-20 22:43:24,202 INFO o.a.j.l.DirectJDKLog [main] Starting ProtocolHandler ["http-nio-8080"]
2025-02-20 22:43:24,325 INFO o.s.b.w.e.t.TomcatWebServer [main] Tomcat started on port(s): 8080 (http) with context path ''
2025-02-20 22:43:24,344 INFO o.s.b.StartupInfoLogger [main] Started CustomerApplication in 6.367 seconds (JVM running for 6.941)
2025-02-20 22:44:19,531 INFO o.a.j.l.DirectJDKLog [http-nio-8080-exec-3] Initializing Spring DispatcherServlet 'dispatcherServlet'
2025-02-20 22:44:19,531 INFO o.s.w.s.FrameworkServlet [http-nio-8080-exec-3] Initializing Servlet 'dispatcherServlet'
2025-02-20 22:44:19,532 INFO o.s.w.s.FrameworkServlet [http-nio-8080-exec-3] Completed initialization in 0 ms
2025-02-20 22:47:34,280 INFO o.s.a.AbstractOpenApiResource [http-nio-8080-exec-3] Init duration for springdoc-openapi is: 409 ms
2025-02-20 22:48:27,986 INFO o.h.v.i.u.Version [background-preinit] HV000001: Hibernate Validator 6.2.5.Final
2025-02-20 22:48:27,994 INFO o.s.b.StartupInfoLogger [main] Starting CustomerApplication using Java 17.0.4 on LAPTOP-QDBUNCC5 with PID 57196 (C:\allica-bank\customer\target\classes started by Mayank Sharma in C:\allica-bank\customer)
2025-02-20 22:48:27,995 INFO o.s.b.SpringApplication [main] No active profile set, falling back to 1 default profile: "default"
2025-02-20 22:48:29,017 INFO o.s.d.r.c.RepositoryConfigurationDelegate [main] Bootstrapping Spring Data JPA repositories in DEFAULT mode.
2025-02-20 22:48:29,064 INFO o.s.d.r.c.RepositoryConfigurationDelegate [main] Finished Spring Data repository scanning in 38 ms. Found 1 JPA repository interfaces.
2025-02-20 22:48:30,007 INFO o.s.b.w.e.t.TomcatWebServer [main] Tomcat initialized with port(s): 8080 (http)
2025-02-20 22:48:30,019 INFO o.a.j.l.DirectJDKLog [main] Initializing ProtocolHandler ["http-nio-8080"]
2025-02-20 22:48:30,023 INFO o.a.j.l.DirectJDKLog [main] Starting service [Tomcat]
2025-02-20 22:48:30,024 INFO o.a.j.l.DirectJDKLog [main] Starting Servlet engine: [Apache Tomcat/9.0.83]
2025-02-20 22:48:30,163 INFO o.a.j.l.DirectJDKLog [main] Initializing Spring embedded WebApplicationContext
2025-02-20 22:48:30,164 INFO o.s.b.w.s.c.ServletWebServerApplicationContext [main] Root WebApplicationContext: initialization completed in 2119 ms
2025-02-20 22:48:30,197 INFO c.z.h.HikariDataSource [main] HikariPool-1 - Starting...
2025-02-20 22:48:30,463 INFO c.z.h.HikariDataSource [main] HikariPool-1 - Start completed.
2025-02-20 22:48:30,473 INFO o.s.b.a.h.H2ConsoleAutoConfiguration [main] H2 console available at '/h2-console'. Database available at 'jdbc:h2:mem:customerdb'
2025-02-20 22:48:30,630 INFO o.h.j.i.u.LogHelper [main] HHH000204: Processing PersistenceUnitInfo [name: default]
2025-02-20 22:48:30,711 INFO o.h.Version [main] HHH000412: Hibernate ORM core version 5.6.15.Final
2025-02-20 22:48:30,990 INFO o.h.a.c.r.j.JavaReflectionManager [main] HCANN000001: Hibernate Commons Annotations {5.1.2.Final}
2025-02-20 22:48:31,138 INFO o.h.d.Dialect [main] HHH000400: Using dialect: org.hibernate.dialect.H2Dialect
2025-02-20 22:48:31,677 INFO o.h.e.t.j.p.i.JtaPlatformInitiator [main] HHH000490: Using JtaPlatform implementation: [org.hibernate.engine.transaction.jta.platform.internal.NoJtaPlatform]
2025-02-20 22:48:31,685 INFO o.s.o.j.AbstractEntityManagerFactoryBean [main] Initialized JPA EntityManagerFactory for persistence unit 'default'
2025-02-20 22:48:32,171 WARN o.s.b.a.o.j.JpaBaseConfiguration$JpaWebConfiguration [main] spring.jpa.open-in-view is enabled by default. Therefore, database queries may be performed during view rendering. Explicitly configure spring.jpa.open-in-view to disable this warning
2025-02-20 22:48:32,782 INFO o.a.j.l.DirectJDKLog [main] Starting ProtocolHandler ["http-nio-8080"]
2025-02-20 22:48:32,842 INFO o.s.b.w.e.t.TomcatWebServer [main] Tomcat started on port(s): 8080 (http) with context path ''
2025-02-20 22:48:32,858 INFO o.s.b.StartupInfoLogger [main] Started CustomerApplication in 5.37 seconds (JVM running for 5.839)
2025-02-20 22:48:40,768 INFO o.a.j.l.DirectJDKLog [http-nio-8080-exec-1] Initializing Spring DispatcherServlet 'dispatcherServlet'
2025-02-20 22:48:40,768 INFO o.s.w.s.FrameworkServlet [http-nio-8080-exec-1] Initializing Servlet 'dispatcherServlet'
2025-02-20 22:48:40,770 INFO o.s.w.s.FrameworkServlet [http-nio-8080-exec-1] Completed initialization in 1 ms
2025-02-20 22:48:41,258 INFO o.s.a.AbstractOpenApiResource [http-nio-8080-exec-1] Init duration for springdoc-openapi is: 448 ms
2025-02-20 22:49:56,331 INFO o.h.v.i.u.Version [background-preinit] HV000001: Hibernate Validator 6.2.5.Final
2025-02-20 22:49:56,341 INFO o.s.b.StartupInfoLogger [main] Starting CustomerApplication using Java 17.0.4 on LAPTOP-QDBUNCC5 with PID 35272 (C:\allica-bank\customer\target\classes started by Mayank Sharma in C:\allica-bank\customer)
2025-02-20 22:49:56,342 INFO o.s.b.SpringApplication [main] No active profile set, falling back to 1 default profile: "default"
2025-02-20 22:49:57,371 INFO o.s.d.r.c.RepositoryConfigurationDelegate [main] Bootstrapping Spring Data JPA repositories in DEFAULT mode.
2025-02-20 22:49:57,425 INFO o.s.d.r.c.RepositoryConfigurationDelegate [main] Finished Spring Data repository scanning in 41 ms. Found 1 JPA repository interfaces.
2025-02-20 22:49:58,335 INFO o.s.b.w.e.t.TomcatWebServer [main] Tomcat initialized with port(s): 8080 (http)
2025-02-20 22:49:58,344 INFO o.a.j.l.DirectJDKLog [main] Initializing ProtocolHandler ["http-nio-8080"]
2025-02-20 22:49:58,349 INFO o.a.j.l.DirectJDKLog [main] Starting service [Tomcat]
2025-02-20 22:49:58,350 INFO o.a.j.l.DirectJDKLog [main] Starting Servlet engine: [Apache Tomcat/9.0.83]
2025-02-20 22:49:58,511 INFO o.a.j.l.DirectJDKLog [main] Initializing Spring embedded WebApplicationContext
2025-02-20 22:49:58,511 INFO o.s.b.w.s.c.ServletWebServerApplicationContext [main] Root WebApplicationContext: initialization completed in 2115 ms
2025-02-20 22:49:58,554 INFO c.z.h.HikariDataSource [main] HikariPool-1 - Starting...
2025-02-20 22:49:58,809 INFO c.z.h.HikariDataSource [main] HikariPool-1 - Start completed.
2025-02-20 22:49:58,820 INFO o.s.b.a.h.H2ConsoleAutoConfiguration [main] H2 console available at '/h2-console'. Database available at 'jdbc:h2:mem:customerdb'
2025-02-20 22:49:58,972 INFO o.h.j.i.u.LogHelper [main] HHH000204: Processing PersistenceUnitInfo [name: default]
2025-02-20 22:49:59,053 INFO o.h.Version [main] HHH000412: Hibernate ORM core version 5.6.15.Final
2025-02-20 22:49:59,310 INFO o.h.a.c.r.j.JavaReflectionManager [main] HCANN000001: Hibernate Commons Annotations {5.1.2.Final}
2025-02-20 22:49:59,497 INFO o.h.d.Dialect [main] HHH000400: Using dialect: org.hibernate.dialect.H2Dialect
2025-02-20 22:50:00,110 INFO o.h.e.t.j.p.i.JtaPlatformInitiator [main] HHH000490: Using JtaPlatform implementation: [org.hibernate.engine.transaction.jta.platform.internal.NoJtaPlatform]
2025-02-20 22:50:00,119 INFO o.s.o.j.AbstractEntityManagerFactoryBean [main] Initialized JPA EntityManagerFactory for persistence unit 'default'
2025-02-20 22:50:00,811 WARN o.s.b.a.o.j.JpaBaseConfiguration$JpaWebConfiguration [main] spring.jpa.open-in-view is enabled by default. Therefore, database queries may be performed during view rendering. Explicitly configure spring.jpa.open-in-view to disable this warning
2025-02-20 22:50:01,874 INFO o.a.j.l.DirectJDKLog [main] Starting ProtocolHandler ["http-nio-8080"]
2025-02-20 22:50:01,942 INFO o.s.b.w.e.t.TomcatWebServer [main] Tomcat started on port(s): 8080 (http) with context path ''
2025-02-20 22:50:01,960 INFO o.s.b.StartupInfoLogger [main] Started CustomerApplication in 6.115 seconds (JVM running for 6.556)
2025-02-20 22:50:19,121 INFO o.a.j.l.DirectJDKLog [http-nio-8080-exec-1] Initializing Spring DispatcherServlet 'dispatcherServlet'
2025-02-20 22:50:19,121 INFO o.s.w.s.FrameworkServlet [http-nio-8080-exec-1] Initializing Servlet 'dispatcherServlet'
2025-02-20 22:50:19,122 INFO o.s.w.s.FrameworkServlet [http-nio-8080-exec-1] Completed initialization in 0 ms
2025-02-20 22:50:27,261 INFO o.s.a.AbstractOpenApiResource [http-nio-8080-exec-2] Init duration for springdoc-openapi is: 463 ms
